# JRE version: OpenJDK Runtime Environment (8.0_121-b13) (build 1.8.0_121-8u121-b13-1~bpo8+1-b13)
# Java VM: OpenJDK 64-Bit Server VM (25.121-b13 mixed mode linux-amd64 compressed oops)
Heap:
 PSYoungGen      total 61440K, used 14068K [0x00000000ed580000, 0x00000000f1380000, 0x0000000100000000)
  eden space 59392K, 20% used [0x00000000ed580000,0x00000000ee1411f8,0x00000000f0f80000)
  from space 2048K, 99% used [0x00000000f1180000,0x00000000f137c030,0x00000000f1380000)
  to   space 2048K, 0% used [0x00000000f0f80000,0x00000000f0f80000,0x00000000f1180000)
 ParOldGen       total 38400K, used 10686K [0x00000000c8000000, 0x00000000ca580000, 0x00000000ed580000)
  object space 38400K, 27% used [0x00000000c8000000,0x00000000c8a6fa68,0x00000000ca580000)
 Metaspace       used 16702K, capacity 16992K, committed 17280K, reserved 1064960K
  class space    used 2020K, capacity 2146K, committed 2176K, reserved 1048576K
GC Heap History (8 events):
Event: 0.395 GC heap before
{Heap before GC invocations=1 (full 0):
 PSYoungGen      total 16896K, used 14848K [0x00000000ed580000, 0x00000000ee800000, 0x0000000100000000)
  eden space 14848K, 100% used [0x00000000ed580000,0x00000000ee400000,0x00000000ee400000)
  from space 2048K, 0% used [0x00000000ee600000,0x00000000ee600000,0x00000000ee800000)
  to   space 2048K, 0% used [0x00000000ee400000,0x00000000ee400000,0x00000000ee600000)
 ParOldGen       total 38400K, used 0K [0x00000000c8000000, 0x00000000ca580000, 0x00000000ed580000)
  object space 38400K, 0% used [0x00000000c8000000,0x00000000c8000000,0x00000000ca580000)
 Metaspace       used 6590K, capacity 6748K, committed 7040K, reserved 1056768K
  class space    used 760K, capacity 824K, committed 896K, reserved 1048576K
Event: 0.400 GC heap after
Heap after GC invocations=1 (full 0):
 PSYoungGen      total 16896K, used 2034K [0x00000000ed580000, 0x00000000ef680000, 0x0000000100000000)
  eden space 14848K, 0% used [0x00000000ed580000,0x00000000ed580000,0x00000000ee400000)
  from space 2048K, 99% used [0x00000000ee400000,0x00000000ee5fc8e8,0x00000000ee600000)
  to   space 2048K, 0% used [0x00000000ef480000,0x00000000ef480000,0x00000000ef680000)
 ParOldGen       total 38400K, used 1149K [0x00000000c8000000, 0x00000000ca580000, 0x00000000ed580000)
  object space 38400K, 2% used [0x00000000c8000000,0x00000000c811f7d0,0x00000000ca580000)
 Metaspace       used 6590K, capacity 6748K, committed 7040K, reserved 1056768K
  class space    used 760K, capacity 824K, committed 896K, reserved 1048576K
}
Event: 0.577 GC heap before
{Heap before GC invocations=2 (full 0):
 PSYoungGen      total 16896K, used 16882K [0x00000000ed580000, 0x00000000ef680000, 0x0000000100000000)
  eden space 14848K, 100% used [0x00000000ed580000,0x00000000ee400000,0x00000000ee400000)
  from space 2048K, 99% used [0x00000000ee400000,0x00000000ee5fc8e8,0x00000000ee600000)
  to   space 2048K, 0% used [0x00000000ef480000,0x00000000ef480000,0x00000000ef680000)
 ParOldGen       total 38400K, used 1149K [0x00000000c8000000, 0x00000000ca580000, 0x00000000ed580000)
  object space 38400K, 2% used [0x00000000c8000000,0x00000000c811f7d0,0x00000000ca580000)
 Metaspace       used 7703K, capacity 7804K, committed 7936K, reserved 1056768K
  class space    used 941K, capacity 984K, committed 1024K, reserved 1048576K
Event: 0.582 GC heap after
Heap after GC invocations=2 (full 0):
 PSYoungGen      total 31744K, used 2032K [0x00000000ed580000, 0x00000000ef680000, 0x0000000100000000)
  eden space 29696K, 0% used [0x00000000ed580000,0x00000000ed580000,0x00000000ef280000)
  from space 2048K, 99% used [0x00000000ef480000,0x00000000ef67c010,0x00000000ef680000)
  to   space 2048K, 0% used [0x00000000ef280000,0x00000000ef280000,0x00000000ef480000)
 ParOldGen       total 38400K, used 1604K [0x00000000c8000000, 0x00000000ca580000, 0x00000000ed580000)
  object space 38400K, 4% used [0x00000000c8000000,0x00000000c8191338,0x00000000ca580000)
 Metaspace       used 7703K, capacity 7804K, committed 7936K, reserved 1056768K
  class space    used 941K, capacity 984K, committed 1024K, reserved 1048576K
}
Event: 1.021 GC heap before
{Heap before GC invocations=3 (full 0):
 PSYoungGen      total 31744K, used 31728K [0x00000000ed580000, 0x00000000ef680000, 0x0000000100000000)
  eden space 29696K, 100% used [0x00000000ed580000,0x00000000ef280000,0x00000000ef280000)
  from space 2048K, 99% used [0x00000000ef480000,0x00000000ef67c010,0x00000000ef680000)
  to   space 2048K, 0% used [0x00000000ef280000,0x00000000ef280000,0x00000000ef480000)
 ParOldGen       total 38400K, used 1604K [0x00000000c8000000, 0x00000000ca580000, 0x00000000ed580000)
  object space 38400K, 4% used [0x00000000c8000000,0x00000000c8191338,0x00000000ca580000)
 Metaspace       used 10989K, capacity 11170K, committed 11264K, reserved 1058816K
  class space    used 1347K, capacity 1443K, committed 1536K, reserved 1048576K
Event: 1.053 GC heap after
Heap after GC invocations=3 (full 0):
 PSYoungGen      total 31744K, used 2048K [0x00000000ed580000, 0x00000000f1380000, 0x0000000100000000)
  eden space 29696K, 0% used [0x00000000ed580000,0x00000000ed580000,0x00000000ef280000)
  from space 2048K, 100% used [0x00000000ef280000,0x00000000ef480000,0x00000000ef480000)
  to   space 2048K, 0% used [0x00000000f1180000,0x00000000f1180000,0x00000000f1380000)
 ParOldGen       total 38400K, used 5679K [0x00000000c8000000, 0x00000000ca580000, 0x00000000ed580000)
  object space 38400K, 14% used [0x00000000c8000000,0x00000000c858bff8,0x00000000ca580000)
 Metaspace       used 10989K, capacity 11170K, committed 11264K, reserved 1058816K
  class space    used 1347K, capacity 1443K, committed 1536K, reserved 1048576K
}
Event: 1.792 GC heap before
{Heap before GC invocations=4 (full 0):
 PSYoungGen      total 31744K, used 31744K [0x00000000ed580000, 0x00000000f1380000, 0x0000000100000000)
  eden space 29696K, 100% used [0x00000000ed580000,0x00000000ef280000,0x00000000ef280000)
  from space 2048K, 100% used [0x00000000ef280000,0x00000000ef480000,0x00000000ef480000)
  to   space 2048K, 0% used [0x00000000f1180000,0x00000000f1180000,0x00000000f1380000)
 ParOldGen       total 38400K, used 5679K [0x00000000c8000000, 0x00000000ca580000, 0x00000000ed580000)
  object space 38400K, 14% used [0x00000000c8000000,0x00000000c858bff8,0x00000000ca580000)
 Metaspace       used 15834K, capacity 16072K, committed 16384K, reserved 1062912K
  class space    used 1900K, capacity 2014K, committed 2048K, reserved 1048576K
Event: 1.805 GC heap after
Heap after GC invocations=4 (full 0):
 PSYoungGen      total 61440K, used 2032K [0x00000000ed580000, 0x00000000f1380000, 0x0000000100000000)
  eden space 59392K, 0% used [0x00000000ed580000,0x00000000ed580000,0x00000000f0f80000)
  from space 2048K, 99% used [0x00000000f1180000,0x00000000f137c030,0x00000000f1380000)
  to   space 2048K, 0% used [0x00000000f0f80000,0x00000000f0f80000,0x00000000f1180000)
 ParOldGen       total 38400K, used 10686K [0x00000000c8000000, 0x00000000ca580000, 0x00000000ed580000)
  object space 38400K, 27% used [0x00000000c8000000,0x00000000c8a6fa68,0x00000000ca580000)
 Metaspace       used 15834K, capacity 16072K, committed 16384K, reserved 1062912K
  class space    used 1900K, capacity 2014K, committed 2048K, reserved 1048576K
}

